#
# There is insufficient memory for the Java Runtime Environment to continue.
# Native memory allocation (mmap) failed to map 31138512896 bytes. Error detail: committing reserved memory.
# Possible reasons:
#   The system is out of physical RAM or swap space
#   This process is running with CompressedOops enabled, and the Java Heap may be blocking the growth of the native heap
# Possible solutions:
#   Reduce memory load on the system
#   Increase physical memory or swap space
#   Check if swap backing store is full
#   Decrease Java heap size (-Xmx/-Xms)
#   Decrease number of Java threads
#   Decrease Java thread stack sizes (-Xss)
#   Set larger code cache with -XX:ReservedCodeCacheSize=
#   JVM is running with Zero Based Compressed Oops mode in which the Java heap is
#     placed in the first 32GB address space. The Java Heap base address is the
#     maximum limit for the native heap growth. Please use -XX:HeapBaseMinAddress
#     to set the Java Heap base and to place the Java Heap above 32GB virtual address.
# This output file may be truncated or incomplete.
#
#  Out of Memory Error (os_linux.cpp:2829), pid=46050, tid=46051
#
# JRE version:  (21.0.7+6) (build )
# Java VM: OpenJDK 64-Bit Server VM (21.0.7+6-LTS, mixed mode, sharing, tiered, compressed oops, compressed class ptrs, g1 gc, linux-amd64)
# Core dump will be written. Default location: Core dumps may be processed with "/usr/share/apport/apport -p%p -s%s -c%c -d%d -P%P -u%u -g%g -F%F -- %E" (or dumping to /workspaces/ngs-data-analysis/text1/core.46050)
#

---------------  S U M M A R Y ------------

Command Line: -ea -Xmx29g -Xms29g jgi.BBDuk -Xmx29g in1=ID12_17539_ATTCGA_read1_part.fastq in2=ID12_17539_ATTCGA_read2_part.fastq out1=total_read1_trimmed.fastq out2=total_read2_trimmed.fastq ref=bbmap/resources/adapters.fa ktrim=r k=23 mink=11 hdist=1 tbo tpe

Host: AMD EPYC 7763 64-Core Processor, 2 cores, 7G, Ubuntu 24.04.2 LTS
Time: Thu Aug 21 11:20:52 2025 UTC elapsed time: 0.003947 seconds (0d 0h 0m 0s)

---------------  T H R E A D  ---------------

Current thread (0x0000749b9802aa10):  JavaThread "Unknown thread" [_thread_in_vm, id=46051, stack(0x0000749b9f050000,0x0000749b9f150000) (1024K)]

Stack: [0x0000749b9f050000,0x0000749b9f150000],  sp=0x0000749b9f14e480,  free space=1017k
Native frames: (J=compiled Java code, j=interpreted, Vv=VM code, C=native code)
V  [libjvm.so+0x100b5e8]  VMError::report_and_die(int, char const*, char const*, __va_list_tag*, Thread*, unsigned char*, void*, void*, char const*, int, unsigned long)+0x2b8  (os_linux.cpp:2829)
V  [libjvm.so+0x100c04d]
V  [libjvm.so+0x6bc1ef]
V  [libjvm.so+0xd077b4]  os::pd_commit_memory_or_exit(char*, unsigned long, unsigned long, bool, char const*)+0xd4
V  [libjvm.so+0xd00c2d]  os::commit_memory_or_exit(char*, unsigned long, unsigned long, bool, char const*)+0x1d
V  [libjvm.so+0x81926b]  G1PageBasedVirtualSpace::commit(unsigned long, unsigned long)+0xfb
V  [libjvm.so+0x82f38f]  G1RegionsLargerThanCommitSizeMapper::commit_regions(unsigned int, unsigned long, WorkerThreads*)+0x9f
V  [libjvm.so+0x8bec65]  HeapRegionManager::commit_regions(unsigned int, unsigned long, WorkerThreads*)+0x55
V  [libjvm.so+0x8c08d2]  HeapRegionManager::expand(unsigned int, unsigned int, WorkerThreads*)+0x32
V  [libjvm.so+0x8c0afe]  HeapRegionManager::expand_by(unsigned int, WorkerThreads*)+0x7e
V  [libjvm.so+0x7d373f]  G1CollectedHeap::expand(unsigned long, WorkerThreads*, double*)+0xff
V  [libjvm.so+0x7d3d54]  G1CollectedHeap::initialize()+0x5c4
V  [libjvm.so+0xfad8c6]  universe_init()+0xd6
V  [libjvm.so+0x8df227]  init_globals()+0x37
V  [libjvm.so+0xf8cbd5]  Threads::create_vm(JavaVMInitArgs*, bool*)+0x2b5
V  [libjvm.so+0x9b9dbf]  JNI_CreateJavaVM+0x4f
C  [libjli.so+0x42bb]  JavaMain+0x8b
C  [libjli.so+0x7e09]  ThreadJavaMain+0x9
C  [libc.so.6+0x9caa4]

---------------  P R O C E S S  ---------------

Threads class SMR info:
_java_thread_list=0x0000749ba07b0d40, length=0, elements={
}

Java Threads: ( => current thread )
Total: 0

Other Threads:
  0x0000749b98056670 WorkerThread "GC Thread#0"                     [id=46052, stack(0x0000749b9e985000,0x0000749b9ea85000) (1024K)]
  0x0000749b98066430 ConcurrentGCThread "G1 Main Marker"            [id=46053, stack(0x0000749b9e884000,0x0000749b9e984000) (1024K)]
  0x0000749b980673d0 WorkerThread "G1 Conc#0"                       [id=46054, stack(0x0000749b9e783000,0x0000749b9e883000) (1024K)]

[error occurred during error reporting (printing all threads), id 0xb, SIGSEGV (0xb) at pc=0x0000749b9fa2a690]
VM state: not at safepoint (not fully initialized)

VM Mutex/Monitor currently owned by a thread:  ([mutex/lock_event])
[0x0000749ba078ac70] Heap_lock - owner thread: 0x0000749b9802aa10

Heap address: 0x00000000c0000000, size: 29696 MB, Compressed Oops mode: Zero based, Oop shift amount: 3

CDS archive(s) mapped at: [0x0000000000000000-0x0000000000000000-0x0000000000000000), size 0, SharedBaseAddress: 0x0000000800000000, ArchiveRelocationMode: 1.
Narrow klass base: 0x0000000000000000, Narrow klass shift: 0, Narrow klass range: 0x0

GC Precious Log:
 CardTable entry size: 512
 Card Set container configuration: InlinePtr #cards 3 size 8 Array Of Cards #cards 128 size 272 Howl #buckets 8 coarsen threshold 29491 Howl Bitmap #cards 4096 size 528 coarsen threshold 3686 Card regions per heap region 1 cards per card region 32768

Heap:
 garbage-first heap   total 0K, used 0K [0x00000000c0000000, 0x0000000800000000)
  region size 16384K, 0 young (0K), 0 survivors (0K)

[error occurred during error reporting (printing heap information), id 0xb, SIGSEGV (0xb) at pc=0x0000749b9fff0f2a]
GC Heap History (0 events):
No events

Dll operation events (1 events):
Event: 0.001 Loaded shared library /usr/local/sdkman/candidates/java/21.0.7-ms/lib/libjava.so

Deoptimization events (0 events):
No events

Classes loaded (0 events):
No events

Classes unloaded (0 events):
No events

Classes redefined (0 events):
No events

Internal exceptions (0 events):
No events

ZGC Phase Switch (0 events):
No events

VM Operations (0 events):
No events

Memory protections (1 events):
Event: 0.001 Protecting memory [0x0000749b9f050000,0x0000749b9f054000] with protection modes 0

Nmethod flushes (0 events):
No events

Events (0 events):
No events


Dynamic libraries:
558584009000-55858400a000 r-xp 00000000 00:2e 560968                     /usr/local/sdkman/candidates/java/21.0.7-ms/bin/java
55858400b000-55858400c000 r--p 00001000 00:2e 560968                     /usr/local/sdkman/candidates/java/21.0.7-ms/bin/java
55858400c000-55858400d000 rw-p 00002000 00:2e 560968                     /usr/local/sdkman/candidates/java/21.0.7-ms/bin/java
5585a8581000-5585a85c7000 rw-p 00000000 00:00 0                          [heap]
749b50000000-749b50021000 rw-p 00000000 00:00 0 
749b50021000-749b54000000 ---p 00000000 00:00 0 
749b54000000-749b54021000 rw-p 00000000 00:00 0 
749b54021000-749b58000000 ---p 00000000 00:00 0 
749b58000000-749b58021000 rw-p 00000000 00:00 0 
749b58021000-749b5c000000 ---p 00000000 00:00 0 
749b5c400000-749b80800000 ---p 00000000 00:00 0 
749b80800000-749b80a70000 rwxp 00000000 00:00 0 
749b80a70000-749b87d38000 ---p 00000000 00:00 0 
749b87d38000-749b87fa8000 rwxp 00000000 00:00 0 
749b87fa8000-749b882c7000 ---p 00000000 00:00 0 
749b882c7000-749b88537000 rwxp 00000000 00:00 0 
749b88537000-749b8f800000 ---p 00000000 00:00 0 
749b8f88a000-749b98000000 r--s 00000000 00:2e 561455                     /usr/local/sdkman/candidates/java/21.0.7-ms/lib/modules
749b98000000-749b98099000 rw-p 00000000 00:00 0 
749b98099000-749b9c000000 ---p 00000000 00:00 0 
749b9c094000-749b9e600000 rw-p 00000000 00:00 0 
749b9e681000-749b9e782000 rw-p 00000000 00:00 0 
749b9e782000-749b9e783000 ---p 00000000 00:00 0 
749b9e783000-749b9e883000 rw-p 00000000 00:00 0 
749b9e883000-749b9e884000 ---p 00000000 00:00 0 
749b9e884000-749b9e984000 rw-p 00000000 00:00 0 
749b9e984000-749b9e985000 ---p 00000000 00:00 0 
749b9e985000-749b9ea85000 rw-p 00000000 00:00 0 
749b9ea85000-749b9ee28000 rw-p 00000000 00:00 0 
749b9ee28000-749b9ef0e000 ---p 00000000 00:00 0 
749b9ef0e000-749b9ef13000 rw-p 00000000 00:00 0 
749b9ef13000-749b9eff9000 ---p 00000000 00:00 0 
749b9eff9000-749b9effe000 rw-p 00000000 00:00 0 
749b9effe000-749b9f005000 ---p 00000000 00:00 0 
749b9f005000-749b9f025000 r-xp 00000000 00:2e 561430                     /usr/local/sdkman/candidates/java/21.0.7-ms/lib/libjava.so
749b9f025000-749b9f026000 ---p 00020000 00:2e 561430                     /usr/local/sdkman/candidates/java/21.0.7-ms/lib/libjava.so
749b9f026000-749b9f027000 r--p 00020000 00:2e 561430                     /usr/local/sdkman/candidates/java/21.0.7-ms/lib/libjava.so
749b9f027000-749b9f028000 rw-p 00021000 00:2e 561430                     /usr/local/sdkman/candidates/java/21.0.7-ms/lib/libjava.so
749b9f028000-749b9f029000 rw-p 00000000 00:00 0 
749b9f029000-749b9f031000 rw-s 00000000 08:01 2359307                    /tmp/hsperfdata_codespace/46050
749b9f031000-749b9f04c000 r-xp 00000000 00:2e 561434                     /usr/local/sdkman/candidates/java/21.0.7-ms/lib/libjimage.so
749b9f04c000-749b9f04d000 ---p 0001b000 00:2e 561434                     /usr/local/sdkman/candidates/java/21.0.7-ms/lib/libjimage.so
749b9f04d000-749b9f04f000 r--p 0001b000 00:2e 561434                     /usr/local/sdkman/candidates/java/21.0.7-ms/lib/libjimage.so
749b9f04f000-749b9f050000 rw-p 0001d000 00:2e 561434                     /usr/local/sdkman/candidates/java/21.0.7-ms/lib/libjimage.so
749b9f050000-749b9f054000 ---p 00000000 00:00 0 
749b9f054000-749b9f150000 rw-p 00000000 00:00 0 
749b9f150000-749b9f160000 r--p 00000000 00:2e 132014                     /usr/lib/x86_64-linux-gnu/libm.so.6
749b9f160000-749b9f1df000 r-xp 00010000 00:2e 132014                     /usr/lib/x86_64-linux-gnu/libm.so.6
749b9f1df000-749b9f237000 r--p 0008f000 00:2e 132014                     /usr/lib/x86_64-linux-gnu/libm.so.6
749b9f237000-749b9f238000 r--p 000e7000 00:2e 132014                     /usr/lib/x86_64-linux-gnu/libm.so.6
749b9f238000-749b9f239000 rw-p 000e8000 00:2e 132014                     /usr/lib/x86_64-linux-gnu/libm.so.6
749b9f239000-749b9f23a000 r--p 00000000 00:2e 132053                     /usr/lib/x86_64-linux-gnu/librt.so.1
749b9f23a000-749b9f23b000 r-xp 00001000 00:2e 132053                     /usr/lib/x86_64-linux-gnu/librt.so.1
749b9f23b000-749b9f23c000 r--p 00002000 00:2e 132053                     /usr/lib/x86_64-linux-gnu/librt.so.1
749b9f23c000-749b9f23d000 r--p 00002000 00:2e 132053                     /usr/lib/x86_64-linux-gnu/librt.so.1
749b9f23d000-749b9f23e000 rw-p 00003000 00:2e 132053                     /usr/lib/x86_64-linux-gnu/librt.so.1
749b9f23e000-749ba0654000 r-xp 00000000 00:2e 561467                     /usr/local/sdkman/candidates/java/21.0.7-ms/lib/server/libjvm.so
749ba0654000-749ba0655000 ---p 01416000 00:2e 561467                     /usr/local/sdkman/candidates/java/21.0.7-ms/lib/server/libjvm.so
749ba0655000-749ba0729000 r--p 01416000 00:2e 561467                     /usr/local/sdkman/candidates/java/21.0.7-ms/lib/server/libjvm.so
749ba0729000-749ba0759000 rw-p 014ea000 00:2e 561467                     /usr/local/sdkman/candidates/java/21.0.7-ms/lib/server/libjvm.so
749ba0759000-749ba07c3000 rw-p 00000000 00:00 0 
749ba07c3000-749ba07eb000 r--p 00000000 00:2e 131972                     /usr/lib/x86_64-linux-gnu/libc.so.6
749ba07eb000-749ba0973000 r-xp 00028000 00:2e 131972                     /usr/lib/x86_64-linux-gnu/libc.so.6
749ba0973000-749ba09c2000 r--p 001b0000 00:2e 131972                     /usr/lib/x86_64-linux-gnu/libc.so.6
749ba09c2000-749ba09c6000 r--p 001fe000 00:2e 131972                     /usr/lib/x86_64-linux-gnu/libc.so.6
749ba09c6000-749ba09c8000 rw-p 00202000 00:2e 131972                     /usr/lib/x86_64-linux-gnu/libc.so.6
749ba09c8000-749ba09d5000 rw-p 00000000 00:00 0 
749ba09d5000-749ba09d6000 r--p 00000000 00:2e 131986                     /usr/lib/x86_64-linux-gnu/libdl.so.2
749ba09d6000-749ba09d7000 r-xp 00001000 00:2e 131986                     /usr/lib/x86_64-linux-gnu/libdl.so.2
749ba09d7000-749ba09d8000 r--p 00002000 00:2e 131986                     /usr/lib/x86_64-linux-gnu/libdl.so.2
749ba09d8000-749ba09d9000 r--p 00002000 00:2e 131986                     /usr/lib/x86_64-linux-gnu/libdl.so.2
749ba09d9000-749ba09da000 rw-p 00003000 00:2e 131986                     /usr/lib/x86_64-linux-gnu/libdl.so.2
749ba09da000-749ba09db000 r--p 00000000 00:2e 132051                     /usr/lib/x86_64-linux-gnu/libpthread.so.0
749ba09db000-749ba09dc000 r-xp 00001000 00:2e 132051                     /usr/lib/x86_64-linux-gnu/libpthread.so.0
749ba09dc000-749ba09dd000 r--p 00002000 00:2e 132051                     /usr/lib/x86_64-linux-gnu/libpthread.so.0
749ba09dd000-749ba09de000 r--p 00002000 00:2e 132051                     /usr/lib/x86_64-linux-gnu/libpthread.so.0
749ba09de000-749ba09df000 rw-p 00003000 00:2e 132051                     /usr/lib/x86_64-linux-gnu/libpthread.so.0
749ba09df000-749ba09ed000 r-xp 00000000 00:2e 561435                     /usr/local/sdkman/candidates/java/21.0.7-ms/lib/libjli.so
749ba09ed000-749ba09ee000 ---p 0000e000 00:2e 561435                     /usr/local/sdkman/candidates/java/21.0.7-ms/lib/libjli.so
749ba09ee000-749ba09ef000 r--p 0000e000 00:2e 561435                     /usr/local/sdkman/candidates/java/21.0.7-ms/lib/libjli.so
749ba09ef000-749ba09f0000 rw-p 0000f000 00:2e 561435                     /usr/local/sdkman/candidates/java/21.0.7-ms/lib/libjli.so
749ba09f0000-749ba09f2000 r--p 00000000 00:2e 132085                     /usr/lib/x86_64-linux-gnu/libz.so.1.3
749ba09f2000-749ba0a04000 r-xp 00002000 00:2e 132085                     /usr/lib/x86_64-linux-gnu/libz.so.1.3
749ba0a04000-749ba0a0a000 r--p 00014000 00:2e 132085                     /usr/lib/x86_64-linux-gnu/libz.so.1.3
749ba0a0a000-749ba0a0b000 r--p 0001a000 00:2e 132085                     /usr/lib/x86_64-linux-gnu/libz.so.1.3
749ba0a0b000-749ba0a0c000 rw-p 0001b000 00:2e 132085                     /usr/lib/x86_64-linux-gnu/libz.so.1.3
749ba0a10000-749ba0a11000 ---p 00000000 00:00 0 
749ba0a11000-749ba0a12000 r--p 00000000 00:00 0 
749ba0a12000-749ba0a13000 ---p 00000000 00:00 0 
749ba0a13000-749ba0a15000 rw-p 00000000 00:00 0 
749ba0a15000-749ba0a16000 r--p 00000000 00:2e 131952                     /usr/lib/x86_64-linux-gnu/ld-linux-x86-64.so.2
749ba0a16000-749ba0a41000 r-xp 00001000 00:2e 131952                     /usr/lib/x86_64-linux-gnu/ld-linux-x86-64.so.2
749ba0a41000-749ba0a4b000 r--p 0002c000 00:2e 131952                     /usr/lib/x86_64-linux-gnu/ld-linux-x86-64.so.2
749ba0a4b000-749ba0a4d000 r--p 00036000 00:2e 131952                     /usr/lib/x86_64-linux-gnu/ld-linux-x86-64.so.2
749ba0a4d000-749ba0a4f000 rw-p 00038000 00:2e 131952                     /usr/lib/x86_64-linux-gnu/ld-linux-x86-64.so.2
7ffc5777f000-7ffc577a1000 rw-p 00000000 00:00 0                          [stack]
7ffc577f9000-7ffc577fd000 r--p 00000000 00:00 0                          [vvar]
7ffc577fd000-7ffc577ff000 r-xp 00000000 00:00 0                          [vdso]
ffffffffff600000-ffffffffff601000 --xp 00000000 00:00 0                  [vsyscall]
Total number of mappings: 99


VM Arguments:
jvm_args: -ea -Xmx29g -Xms29g 
java_command: jgi.BBDuk -Xmx29g in1=ID12_17539_ATTCGA_read1_part.fastq in2=ID12_17539_ATTCGA_read2_part.fastq out1=total_read1_trimmed.fastq out2=total_read2_trimmed.fastq ref=bbmap/resources/adapters.fa ktrim=r k=23 mink=11 hdist=1 tbo tpe
java_class_path (initial): /workspaces/ngs-data-analysis/text1/bbmap/current/
Launcher Type: SUN_STANDARD

[Global flags]
     intx CICompilerCount                          = 2                                         {product} {ergonomic}
     uint ConcGCThreads                            = 1                                         {product} {ergonomic}
     uint G1ConcRefinementThreads                  = 2                                         {product} {ergonomic}
   size_t G1HeapRegionSize                         = 16777216                                  {product} {ergonomic}
    uintx GCDrainStackTargetSize                   = 64                                        {product} {ergonomic}
   size_t InitialHeapSize                          = 31138512896                               {product} {command line}
   size_t MarkStackSize                            = 4194304                                   {product} {ergonomic}
   size_t MaxHeapSize                              = 31138512896                               {product} {command line}
   size_t MinHeapDeltaBytes                        = 16777216                                  {product} {ergonomic}
   size_t MinHeapSize                              = 31138512896                               {product} {command line}
    uintx NonNMethodCodeHeapSize                   = 5826188                                {pd product} {ergonomic}
    uintx NonProfiledCodeHeapSize                  = 122916026                              {pd product} {ergonomic}
    uintx ProfiledCodeHeapSize                     = 122916026                              {pd product} {ergonomic}
    uintx ReservedCodeCacheSize                    = 251658240                              {pd product} {ergonomic}
     bool SegmentedCodeCache                       = true                                      {product} {ergonomic}
   size_t SoftMaxHeapSize                          = 31138512896                            {manageable} {ergonomic}
     bool UseCompressedOops                        = true                           {product lp64_product} {ergonomic}
     bool UseG1GC                                  = true                                      {product} {ergonomic}

Logging:
Log output configuration:
 #0: stdout all=warning uptime,level,tags foldmultilines=false
 #1: stderr all=off uptime,level,tags foldmultilines=false

Environment Variables:
JAVA_HOME=/usr/local/sdkman/candidates/java/current
PATH=/test1/binaries/pigz2/pigz-2.4:/test1/binaries/sambamba:/test1/binaries/lbzip2/bin:/test1/binaries/bgzip:/usr/local/rvm/gems/ruby-3.4.1/bin:/usr/local/rvm/gems/ruby-3.4.1@global/bin:/usr/local/rvm/rubies/ruby-3.4.1/bin:/vscode/bin/linux-x64/360a4e4fd251bfce169a4ddf857c7d25d1ad40da/bin/remote-cli:/home/codespace/.local/bin:/home/codespace/.dotnet:/home/codespace/nvm/current/bin:/home/codespace/.php/current/bin:/home/codespace/.python/current/bin:/home/codespace/java/current/bin:/home/codespace/.ruby/current/bin:/home/codespace/.local/bin:/usr/local/python/current/bin:/usr/local/py-utils/bin:/usr/local/jupyter:/usr/local/oryx:/usr/local/go/bin:/go/bin:/usr/local/sdkman/bin:/usr/local/sdkman/candidates/java/current/bin:/usr/local/sdkman/candidates/gradle/current/bin:/usr/local/sdkman/candidates/maven/current/bin:/usr/local/sdkman/candidates/ant/current/bin:/usr/local/rvm/gems/default/bin:/usr/local/rvm/gems/default@global/bin:/usr/local/rvm/rubies/default/bin:/usr/local/share/rbenv/bin:/usr/local/php/current/bin:/opt/conda/bin:/usr/local/nvs:/usr/local/share/nvm/versions/node/v22.17.0/bin:/usr/local/hugo/bin:/usr/local/sbin:/usr/local/bin:/usr/sbin:/usr/bin:/sbin:/bin:/usr/share/dotnet:/home/codespace/.dotnet/tools:/usr/local/rvm/bin
SHELL=/bin/bash
LANG=C.UTF-8
TERM=xterm-256color

Active Locale:
LC_ALL=C
LC_COLLATE=C
LC_CTYPE=C
LC_MESSAGES=C
LC_MONETARY=C
LC_NUMERIC=C
LC_TIME=C

Signal Handlers:
   SIGSEGV: crash_handler in libjvm.so, mask=11100100010111111101111111111110, flags=SA_RESTART|SA_SIGINFO, unblocked
    SIGBUS: crash_handler in libjvm.so, mask=11100100010111111101111111111110, flags=SA_RESTART|SA_SIGINFO, unblocked
    SIGFPE: crash_handler in libjvm.so, mask=11100100010111111101111111111110, flags=SA_RESTART|SA_SIGINFO, unblocked
   SIGPIPE: javaSignalHandler in libjvm.so, mask=11100100010111111101111111111110, flags=SA_RESTART|SA_SIGINFO, blocked
   SIGXFSZ: javaSignalHandler in libjvm.so, mask=11100100010111111101111111111110, flags=SA_RESTART|SA_SIGINFO, blocked
    SIGILL: crash_handler in libjvm.so, mask=11100100010111111101111111111110, flags=SA_RESTART|SA_SIGINFO, unblocked
   SIGUSR2: SR_handler in libjvm.so, mask=00000000000000000000000000000000, flags=SA_RESTART|SA_SIGINFO, blocked
    SIGHUP: SIG_DFL, mask=00000000000000000000000000000000, flags=none, blocked
    SIGINT: SIG_DFL, mask=00000000000000000000000000000000, flags=none, blocked
   SIGTERM: SIG_DFL, mask=00000000000000000000000000000000, flags=none, blocked
   SIGQUIT: UserHandler in libjvm.so, mask=11100100010111111101111111111110, flags=SA_RESTART|SA_SIGINFO, blocked
   SIGTRAP: crash_handler in libjvm.so, mask=11100100010111111101111111111110, flags=SA_RESTART|SA_SIGINFO, unblocked


Periodic native trim disabled

---------------  S Y S T E M  ---------------

OS:
DISTRIB_ID=Ubuntu
DISTRIB_RELEASE=24.04
DISTRIB_CODENAME=noble
DISTRIB_DESCRIPTION="Ubuntu 24.04.2 LTS"
uname: Linux 6.8.0-1030-azure #35~22.04.1-Ubuntu SMP Mon May 26 18:08:30 UTC 2025 x86_64
OS uptime: 0 days 1:59 hours
libc: glibc 2.39 NPTL 2.39 
rlimit (soft/hard): STACK 8192k/infinity , CORE infinity/infinity , NPROC infinity/infinity , NOFILE 1048576/1048576 , AS infinity/infinity , CPU infinity/infinity , DATA infinity/infinity , FSIZE infinity/infinity , MEMLOCK 8192k/8192k
load average: 0.22 0.26 0.19

/proc/meminfo:
MemTotal:        8135328 kB
MemFree:          220436 kB
MemAvailable:    6303456 kB
Buffers:          162564 kB
Cached:          6052340 kB
SwapCached:            0 kB
Active:          4187008 kB
Inactive:        3218372 kB
Active(anon):    1245548 kB
Inactive(anon):    18456 kB
Active(file):    2941460 kB
Inactive(file):  3199916 kB
Unevictable:       31080 kB
Mlocked:           28008 kB
SwapTotal:             0 kB
SwapFree:              0 kB
Zswap:                 0 kB
Zswapped:              0 kB
Dirty:               976 kB
Writeback:             0 kB
AnonPages:       1216796 kB
Mapped:           563460 kB
Shmem:             64428 kB
KReclaimable:     255272 kB
Slab:             348788 kB
SReclaimable:     255272 kB
SUnreclaim:        93516 kB
KernelStack:        7072 kB
PageTables:        19788 kB
SecPageTables:         0 kB
NFS_Unstable:          0 kB
Bounce:                0 kB
WritebackTmp:          0 kB
CommitLimit:     4067664 kB
Committed_AS:    3036400 kB
VmallocTotal:   34359738367 kB
VmallocUsed:       40140 kB
VmallocChunk:          0 kB
Percpu:             1208 kB
HardwareCorrupted:     0 kB
AnonHugePages:    669696 kB
ShmemHugePages:        0 kB
ShmemPmdMapped:        0 kB
FileHugePages:         0 kB
FilePmdMapped:         0 kB
Unaccepted:            0 kB
HugePages_Total:       0
HugePages_Free:        0
HugePages_Rsvd:        0
HugePages_Surp:        0
Hugepagesize:       2048 kB
Hugetlb:               0 kB
DirectMap4k:      128960 kB
DirectMap2M:     5113856 kB
DirectMap1G:     5242880 kB

/sys/kernel/mm/transparent_hugepage/enabled: [always] madvise never
/sys/kernel/mm/transparent_hugepage/hpage_pmd_size: 2097152
/sys/kernel/mm/transparent_hugepage/defrag (defrag/compaction efforts parameter): always defer defer+madvise [madvise] never

Process Memory:
Virtual Size: 1315956K (peak: 31720136K)
Resident Set Size: 20992K (peak: 20992K) (anon: 7680K, file: 13312K, shmem: 0K)
Swapped out: 0K
C-Heap outstanding allocations: 10743K, retained: 600K
glibc malloc tunables: (default)

/proc/sys/kernel/threads-max (system-wide limit on the number of threads): 63498
/proc/sys/vm/max_map_count (maximum number of memory map areas a process may have): 65530
/proc/sys/vm/swappiness (control to define how aggressively the kernel swaps out anonymous memory): 60
/proc/sys/kernel/pid_max (system-wide limit on number of process identifiers): 4194304

container (cgroup) information:
container_type: cgroupv2
cpu_cpuset_cpus: not supported
cpu_memory_nodes: not supported
active_processor_count: 2
cpu_quota: no quota
cpu_period: 100000
cpu_shares: no shares
memory_limit_in_bytes: unlimited
memory_and_swap_limit_in_bytes: unlimited
memory_soft_limit_in_bytes: unlimited
memory_usage_in_bytes: 1317128 k
memory_max_usage_in_bytes: not supported
memory_swap_current_in_bytes: unlimited
memory_swap_max_limit_in_bytes: unlimited
maximum number of tasks: unlimited
current number of tasks: 83

Hyper-V virtualization detected
Steal ticks since vm start: 0
Steal ticks percentage since vm start:  0.000

CPU: total 2 (initial active 2) (16 cores per cpu, 2 threads per core) family 25 model 1 stepping 1 microcode 0xffffffff, cx8, cmov, fxsr, ht, mmx, 3dnowpref, sse, sse2, sse3, ssse3, sse4a, sse4.1, sse4.2, popcnt, lzcnt, tsc, tscinvbit, avx, avx2, aes, erms, clmul, bmi1, bmi2, adx, sha, fma, vzeroupper, clflush, clflushopt, hv, rdtscp, rdpid, fsrm, f16c, cet_ss
CPU Model and flags from /proc/cpuinfo:
model name	: AMD EPYC 7763 64-Core Processor
flags		: fpu vme de pse tsc msr pae mce cx8 apic sep mtrr pge mca cmov pat pse36 clflush mmx fxsr sse sse2 ht syscall nx mmxext fxsr_opt pdpe1gb rdtscp lm constant_tsc rep_good nopl tsc_reliable nonstop_tsc cpuid extd_apicid aperfmperf tsc_known_freq pni pclmulqdq ssse3 fma cx16 pcid sse4_1 sse4_2 movbe popcnt aes xsave avx f16c rdrand hypervisor lahf_lm cmp_legacy svm cr8_legacy abm sse4a misalignsse 3dnowprefetch osvw topoext vmmcall fsgsbase bmi1 avx2 smep bmi2 erms invpcid rdseed adx smap clflushopt clwb sha_ni xsaveopt xsavec xgetbv1 xsaves user_shstk clzero xsaveerptr rdpru arat npt nrip_save tsc_scale vmcb_clean flushbyasid decodeassists pausefilter pfthreshold v_vmsave_vmload umip vaes vpclmulqdq rdpid fsrm

Online cpus: 0-1
Offline cpus: 
BIOS frequency limitation: <Not Available>
Frequency switch latency (ns): <Not Available>
Available cpu frequencies: <Not Available>
Current governor: <Not Available>
Core performance/turbo boost: <Not Available>

Memory: 4k page, physical 8135328k(6303456k free), swap 0k(0k free)
Page Sizes: 4k

vm_info: OpenJDK 64-Bit Server VM (21.0.7+6-LTS) for linux-amd64 JRE (21.0.7+6-LTS), built on 2025-04-09T22:25:01Z by "MicrosoftCorporation" with gcc 11.3.0

END.
