#
# There is insufficient memory for the Java Runtime Environment to continue.
# Native memory allocation (mmap) failed to map 31138512896 bytes. Error detail: committing reserved memory.
# Possible reasons:
#   The system is out of physical RAM or swap space
#   This process is running with CompressedOops enabled, and the Java Heap may be blocking the growth of the native heap
# Possible solutions:
#   Reduce memory load on the system
#   Increase physical memory or swap space
#   Check if swap backing store is full
#   Decrease Java heap size (-Xmx/-Xms)
#   Decrease number of Java threads
#   Decrease Java thread stack sizes (-Xss)
#   Set larger code cache with -XX:ReservedCodeCacheSize=
#   JVM is running with Zero Based Compressed Oops mode in which the Java heap is
#     placed in the first 32GB address space. The Java Heap base address is the
#     maximum limit for the native heap growth. Please use -XX:HeapBaseMinAddress
#     to set the Java Heap base and to place the Java Heap above 32GB virtual address.
# This output file may be truncated or incomplete.
#
#  Out of Memory Error (os_linux.cpp:2829), pid=44872, tid=44873
#
# JRE version:  (21.0.7+6) (build )
# Java VM: OpenJDK 64-Bit Server VM (21.0.7+6-LTS, mixed mode, sharing, tiered, compressed oops, compressed class ptrs, g1 gc, linux-amd64)
# Core dump will be written. Default location: Core dumps may be processed with "/usr/share/apport/apport -p%p -s%s -c%c -d%d -P%P -u%u -g%g -F%F -- %E" (or dumping to /workspaces/ngs-data-analysis/text1/core.44872)
#

---------------  S U M M A R Y ------------

Command Line: -ea -Xmx29g -Xms29g jgi.BBDuk -Xmx29g in1=ID12_17539_ATTCGA_read1_part.fastq in2=ID12_17539_ATTCGA_read2_part.fastq out1=total_read1_trimmed.fastq out2=total_read2_trimmed.fastq ref=bbmap/resources/adapters.fa ktrim=r k=23 mink=11 hdist=1 tbo tpe

Host: AMD EPYC 7763 64-Core Processor, 2 cores, 7G, Ubuntu 24.04.2 LTS
Time: Thu Aug 21 11:18:12 2025 UTC elapsed time: 0.004062 seconds (0d 0h 0m 0s)

---------------  T H R E A D  ---------------

Current thread (0x0000752bf002a9e0):  JavaThread "Unknown thread" [_thread_in_vm, id=44873, stack(0x0000752bf672e000,0x0000752bf682e000) (1024K)]

Stack: [0x0000752bf672e000,0x0000752bf682e000],  sp=0x0000752bf682c480,  free space=1017k
Native frames: (J=compiled Java code, j=interpreted, Vv=VM code, C=native code)
V  [libjvm.so+0x100b5e8]  VMError::report_and_die(int, char const*, char const*, __va_list_tag*, Thread*, unsigned char*, void*, void*, char const*, int, unsigned long)+0x2b8  (os_linux.cpp:2829)
V  [libjvm.so+0x100c04d]
V  [libjvm.so+0x6bc1ef]
V  [libjvm.so+0xd077b4]  os::pd_commit_memory_or_exit(char*, unsigned long, unsigned long, bool, char const*)+0xd4
V  [libjvm.so+0xd00c2d]  os::commit_memory_or_exit(char*, unsigned long, unsigned long, bool, char const*)+0x1d
V  [libjvm.so+0x81926b]  G1PageBasedVirtualSpace::commit(unsigned long, unsigned long)+0xfb
V  [libjvm.so+0x82f38f]  G1RegionsLargerThanCommitSizeMapper::commit_regions(unsigned int, unsigned long, WorkerThreads*)+0x9f
V  [libjvm.so+0x8bec65]  HeapRegionManager::commit_regions(unsigned int, unsigned long, WorkerThreads*)+0x55
V  [libjvm.so+0x8c08d2]  HeapRegionManager::expand(unsigned int, unsigned int, WorkerThreads*)+0x32
V  [libjvm.so+0x8c0afe]  HeapRegionManager::expand_by(unsigned int, WorkerThreads*)+0x7e
V  [libjvm.so+0x7d373f]  G1CollectedHeap::expand(unsigned long, WorkerThreads*, double*)+0xff
V  [libjvm.so+0x7d3d54]  G1CollectedHeap::initialize()+0x5c4
V  [libjvm.so+0xfad8c6]  universe_init()+0xd6
V  [libjvm.so+0x8df227]  init_globals()+0x37
V  [libjvm.so+0xf8cbd5]  Threads::create_vm(JavaVMInitArgs*, bool*)+0x2b5
V  [libjvm.so+0x9b9dbf]  JNI_CreateJavaVM+0x4f
C  [libjli.so+0x42bb]  JavaMain+0x8b
C  [libjli.so+0x7e09]  ThreadJavaMain+0x9
C  [libc.so.6+0x9caa4]

---------------  P R O C E S S  ---------------

Threads class SMR info:
_java_thread_list=0x0000752bf7e8ed40, length=0, elements={
}

Java Threads: ( => current thread )
Total: 0

Other Threads:
  0x0000752bf0056640 WorkerThread "GC Thread#0"                     [id=44874, stack(0x0000752bf6063000,0x0000752bf6163000) (1024K)]
  0x0000752bf0066400 ConcurrentGCThread "G1 Main Marker"            [id=44875, stack(0x0000752bf5f62000,0x0000752bf6062000) (1024K)]
  0x0000752bf00673a0 WorkerThread "G1 Conc#0"                       [id=44876, stack(0x0000752bf5e61000,0x0000752bf5f61000) (1024K)]

[error occurred during error reporting (printing all threads), id 0xb, SIGSEGV (0xb) at pc=0x0000752bf7108690]
VM state: not at safepoint (not fully initialized)

VM Mutex/Monitor currently owned by a thread:  ([mutex/lock_event])
[0x0000752bf7e68c70] Heap_lock - owner thread: 0x0000752bf002a9e0

Heap address: 0x00000000c0000000, size: 29696 MB, Compressed Oops mode: Zero based, Oop shift amount: 3

CDS archive(s) mapped at: [0x0000000000000000-0x0000000000000000-0x0000000000000000), size 0, SharedBaseAddress: 0x0000000800000000, ArchiveRelocationMode: 1.
Narrow klass base: 0x0000000000000000, Narrow klass shift: 0, Narrow klass range: 0x0

GC Precious Log:
 CardTable entry size: 512
 Card Set container configuration: InlinePtr #cards 3 size 8 Array Of Cards #cards 128 size 272 Howl #buckets 8 coarsen threshold 29491 Howl Bitmap #cards 4096 size 528 coarsen threshold 3686 Card regions per heap region 1 cards per card region 32768

Heap:
 garbage-first heap   total 0K, used 0K [0x00000000c0000000, 0x0000000800000000)
  region size 16384K, 0 young (0K), 0 survivors (0K)

[error occurred during error reporting (printing heap information), id 0xb, SIGSEGV (0xb) at pc=0x0000752bf76cef2a]
GC Heap History (0 events):
No events

Dll operation events (1 events):
Event: 0.001 Loaded shared library /usr/local/sdkman/candidates/java/21.0.7-ms/lib/libjava.so

Deoptimization events (0 events):
No events

Classes loaded (0 events):
No events

Classes unloaded (0 events):
No events

Classes redefined (0 events):
No events

Internal exceptions (0 events):
No events

ZGC Phase Switch (0 events):
No events

VM Operations (0 events):
No events

Memory protections (1 events):
Event: 0.001 Protecting memory [0x0000752bf672e000,0x0000752bf6732000] with protection modes 0

Nmethod flushes (0 events):
No events

Events (0 events):
No events


Dynamic libraries:
645ce3995000-645ce3996000 r-xp 00000000 00:2e 560968                     /usr/local/sdkman/candidates/java/21.0.7-ms/bin/java
645ce3997000-645ce3998000 r--p 00001000 00:2e 560968                     /usr/local/sdkman/candidates/java/21.0.7-ms/bin/java
645ce3998000-645ce3999000 rw-p 00002000 00:2e 560968                     /usr/local/sdkman/candidates/java/21.0.7-ms/bin/java
645cf3ac2000-645cf3b08000 rw-p 00000000 00:00 0                          [heap]
752ba6000000-752ba8021000 rw-p 00000000 00:00 0 
752ba8021000-752bac000000 ---p 00000000 00:00 0 
752bac000000-752bac021000 rw-p 00000000 00:00 0 
752bac021000-752bb0000000 ---p 00000000 00:00 0 
752bb0000000-752bb0021000 rw-p 00000000 00:00 0 
752bb0021000-752bb4000000 ---p 00000000 00:00 0 
752bb4400000-752bd8800000 ---p 00000000 00:00 0 
752bd8800000-752bd8a70000 rwxp 00000000 00:00 0 
752bd8a70000-752bdfd38000 ---p 00000000 00:00 0 
752bdfd38000-752bdffa8000 rwxp 00000000 00:00 0 
752bdffa8000-752be02c7000 ---p 00000000 00:00 0 
752be02c7000-752be0537000 rwxp 00000000 00:00 0 
752be0537000-752be7800000 ---p 00000000 00:00 0 
752be788a000-752bf0000000 r--s 00000000 00:2e 561455                     /usr/local/sdkman/candidates/java/21.0.7-ms/lib/modules
752bf0000000-752bf0099000 rw-p 00000000 00:00 0 
752bf0099000-752bf4000000 ---p 00000000 00:00 0 
752bf57f3000-752bf5e60000 rw-p 00000000 00:00 0 
752bf5e60000-752bf5e61000 ---p 00000000 00:00 0 
752bf5e61000-752bf5f61000 rw-p 00000000 00:00 0 
752bf5f61000-752bf5f62000 ---p 00000000 00:00 0 
752bf5f62000-752bf6062000 rw-p 00000000 00:00 0 
752bf6062000-752bf6063000 ---p 00000000 00:00 0 
752bf6063000-752bf6163000 rw-p 00000000 00:00 0 
752bf6163000-752bf6506000 rw-p 00000000 00:00 0 
752bf6506000-752bf65ec000 ---p 00000000 00:00 0 
752bf65ec000-752bf65f1000 rw-p 00000000 00:00 0 
752bf65f1000-752bf66d7000 ---p 00000000 00:00 0 
752bf66d7000-752bf66dc000 rw-p 00000000 00:00 0 
752bf66dc000-752bf66e3000 ---p 00000000 00:00 0 
752bf66e3000-752bf6703000 r-xp 00000000 00:2e 561430                     /usr/local/sdkman/candidates/java/21.0.7-ms/lib/libjava.so
752bf6703000-752bf6704000 ---p 00020000 00:2e 561430                     /usr/local/sdkman/candidates/java/21.0.7-ms/lib/libjava.so
752bf6704000-752bf6705000 r--p 00020000 00:2e 561430                     /usr/local/sdkman/candidates/java/21.0.7-ms/lib/libjava.so
752bf6705000-752bf6706000 rw-p 00021000 00:2e 561430                     /usr/local/sdkman/candidates/java/21.0.7-ms/lib/libjava.so
752bf6706000-752bf6707000 rw-p 00000000 00:00 0 
752bf6707000-752bf670f000 rw-s 00000000 08:01 2359307                    /tmp/hsperfdata_codespace/44872
752bf670f000-752bf672a000 r-xp 00000000 00:2e 561434                     /usr/local/sdkman/candidates/java/21.0.7-ms/lib/libjimage.so
752bf672a000-752bf672b000 ---p 0001b000 00:2e 561434                     /usr/local/sdkman/candidates/java/21.0.7-ms/lib/libjimage.so
752bf672b000-752bf672d000 r--p 0001b000 00:2e 561434                     /usr/local/sdkman/candidates/java/21.0.7-ms/lib/libjimage.so
752bf672d000-752bf672e000 rw-p 0001d000 00:2e 561434                     /usr/local/sdkman/candidates/java/21.0.7-ms/lib/libjimage.so
752bf672e000-752bf6732000 ---p 00000000 00:00 0 
752bf6732000-752bf682e000 rw-p 00000000 00:00 0 
752bf682e000-752bf683e000 r--p 00000000 00:2e 132014                     /usr/lib/x86_64-linux-gnu/libm.so.6
752bf683e000-752bf68bd000 r-xp 00010000 00:2e 132014                     /usr/lib/x86_64-linux-gnu/libm.so.6
752bf68bd000-752bf6915000 r--p 0008f000 00:2e 132014                     /usr/lib/x86_64-linux-gnu/libm.so.6
752bf6915000-752bf6916000 r--p 000e7000 00:2e 132014                     /usr/lib/x86_64-linux-gnu/libm.so.6
752bf6916000-752bf6917000 rw-p 000e8000 00:2e 132014                     /usr/lib/x86_64-linux-gnu/libm.so.6
752bf6917000-752bf6918000 r--p 00000000 00:2e 132053                     /usr/lib/x86_64-linux-gnu/librt.so.1
752bf6918000-752bf6919000 r-xp 00001000 00:2e 132053                     /usr/lib/x86_64-linux-gnu/librt.so.1
752bf6919000-752bf691a000 r--p 00002000 00:2e 132053                     /usr/lib/x86_64-linux-gnu/librt.so.1
752bf691a000-752bf691b000 r--p 00002000 00:2e 132053                     /usr/lib/x86_64-linux-gnu/librt.so.1
752bf691b000-752bf691c000 rw-p 00003000 00:2e 132053                     /usr/lib/x86_64-linux-gnu/librt.so.1
752bf691c000-752bf7d32000 r-xp 00000000 00:2e 561467                     /usr/local/sdkman/candidates/java/21.0.7-ms/lib/server/libjvm.so
752bf7d32000-752bf7d33000 ---p 01416000 00:2e 561467                     /usr/local/sdkman/candidates/java/21.0.7-ms/lib/server/libjvm.so
752bf7d33000-752bf7e07000 r--p 01416000 00:2e 561467                     /usr/local/sdkman/candidates/java/21.0.7-ms/lib/server/libjvm.so
752bf7e07000-752bf7e37000 rw-p 014ea000 00:2e 561467                     /usr/local/sdkman/candidates/java/21.0.7-ms/lib/server/libjvm.so
752bf7e37000-752bf7ea1000 rw-p 00000000 00:00 0 
752bf7ea1000-752bf7ec9000 r--p 00000000 00:2e 131972                     /usr/lib/x86_64-linux-gnu/libc.so.6
752bf7ec9000-752bf8051000 r-xp 00028000 00:2e 131972                     /usr/lib/x86_64-linux-gnu/libc.so.6
752bf8051000-752bf80a0000 r--p 001b0000 00:2e 131972                     /usr/lib/x86_64-linux-gnu/libc.so.6
752bf80a0000-752bf80a4000 r--p 001fe000 00:2e 131972                     /usr/lib/x86_64-linux-gnu/libc.so.6
752bf80a4000-752bf80a6000 rw-p 00202000 00:2e 131972                     /usr/lib/x86_64-linux-gnu/libc.so.6
752bf80a6000-752bf80b3000 rw-p 00000000 00:00 0 
752bf80b3000-752bf80b4000 r--p 00000000 00:2e 131986                     /usr/lib/x86_64-linux-gnu/libdl.so.2
752bf80b4000-752bf80b5000 r-xp 00001000 00:2e 131986                     /usr/lib/x86_64-linux-gnu/libdl.so.2
752bf80b5000-752bf80b6000 r--p 00002000 00:2e 131986                     /usr/lib/x86_64-linux-gnu/libdl.so.2
752bf80b6000-752bf80b7000 r--p 00002000 00:2e 131986                     /usr/lib/x86_64-linux-gnu/libdl.so.2
752bf80b7000-752bf80b8000 rw-p 00003000 00:2e 131986                     /usr/lib/x86_64-linux-gnu/libdl.so.2
752bf80b8000-752bf80b9000 r--p 00000000 00:2e 132051                     /usr/lib/x86_64-linux-gnu/libpthread.so.0
752bf80b9000-752bf80ba000 r-xp 00001000 00:2e 132051                     /usr/lib/x86_64-linux-gnu/libpthread.so.0
752bf80ba000-752bf80bb000 r--p 00002000 00:2e 132051                     /usr/lib/x86_64-linux-gnu/libpthread.so.0
752bf80bb000-752bf80bc000 r--p 00002000 00:2e 132051                     /usr/lib/x86_64-linux-gnu/libpthread.so.0
752bf80bc000-752bf80bd000 rw-p 00003000 00:2e 132051                     /usr/lib/x86_64-linux-gnu/libpthread.so.0
752bf80bd000-752bf80cb000 r-xp 00000000 00:2e 561435                     /usr/local/sdkman/candidates/java/21.0.7-ms/lib/libjli.so
752bf80cb000-752bf80cc000 ---p 0000e000 00:2e 561435                     /usr/local/sdkman/candidates/java/21.0.7-ms/lib/libjli.so
752bf80cc000-752bf80cd000 r--p 0000e000 00:2e 561435                     /usr/local/sdkman/candidates/java/21.0.7-ms/lib/libjli.so
752bf80cd000-752bf80ce000 rw-p 0000f000 00:2e 561435                     /usr/local/sdkman/candidates/java/21.0.7-ms/lib/libjli.so
752bf80ce000-752bf80d0000 r--p 00000000 00:2e 132085                     /usr/lib/x86_64-linux-gnu/libz.so.1.3
752bf80d0000-752bf80e2000 r-xp 00002000 00:2e 132085                     /usr/lib/x86_64-linux-gnu/libz.so.1.3
752bf80e2000-752bf80e8000 r--p 00014000 00:2e 132085                     /usr/lib/x86_64-linux-gnu/libz.so.1.3
752bf80e8000-752bf80e9000 r--p 0001a000 00:2e 132085                     /usr/lib/x86_64-linux-gnu/libz.so.1.3
752bf80e9000-752bf80ea000 rw-p 0001b000 00:2e 132085                     /usr/lib/x86_64-linux-gnu/libz.so.1.3
752bf80ee000-752bf80ef000 ---p 00000000 00:00 0 
752bf80ef000-752bf80f0000 r--p 00000000 00:00 0 
752bf80f0000-752bf80f1000 ---p 00000000 00:00 0 
752bf80f1000-752bf80f3000 rw-p 00000000 00:00 0 
752bf80f3000-752bf80f4000 r--p 00000000 00:2e 131952                     /usr/lib/x86_64-linux-gnu/ld-linux-x86-64.so.2
752bf80f4000-752bf811f000 r-xp 00001000 00:2e 131952                     /usr/lib/x86_64-linux-gnu/ld-linux-x86-64.so.2
752bf811f000-752bf8129000 r--p 0002c000 00:2e 131952                     /usr/lib/x86_64-linux-gnu/ld-linux-x86-64.so.2
752bf8129000-752bf812b000 r--p 00036000 00:2e 131952                     /usr/lib/x86_64-linux-gnu/ld-linux-x86-64.so.2
752bf812b000-752bf812d000 rw-p 00038000 00:2e 131952                     /usr/lib/x86_64-linux-gnu/ld-linux-x86-64.so.2
7ffdec595000-7ffdec5b7000 rw-p 00000000 00:00 0                          [stack]
7ffdec5cb000-7ffdec5cf000 r--p 00000000 00:00 0                          [vvar]
7ffdec5cf000-7ffdec5d1000 r-xp 00000000 00:00 0                          [vdso]
ffffffffff600000-ffffffffff601000 --xp 00000000 00:00 0                  [vsyscall]
Total number of mappings: 98


VM Arguments:
jvm_args: -ea -Xmx29g -Xms29g 
java_command: jgi.BBDuk -Xmx29g in1=ID12_17539_ATTCGA_read1_part.fastq in2=ID12_17539_ATTCGA_read2_part.fastq out1=total_read1_trimmed.fastq out2=total_read2_trimmed.fastq ref=bbmap/resources/adapters.fa ktrim=r k=23 mink=11 hdist=1 tbo tpe
java_class_path (initial): /workspaces/ngs-data-analysis/text1/bbmap/current/
Launcher Type: SUN_STANDARD

[Global flags]
     intx CICompilerCount                          = 2                                         {product} {ergonomic}
     uint ConcGCThreads                            = 1                                         {product} {ergonomic}
     uint G1ConcRefinementThreads                  = 2                                         {product} {ergonomic}
   size_t G1HeapRegionSize                         = 16777216                                  {product} {ergonomic}
    uintx GCDrainStackTargetSize                   = 64                                        {product} {ergonomic}
   size_t InitialHeapSize                          = 31138512896                               {product} {command line}
   size_t MarkStackSize                            = 4194304                                   {product} {ergonomic}
   size_t MaxHeapSize                              = 31138512896                               {product} {command line}
   size_t MinHeapDeltaBytes                        = 16777216                                  {product} {ergonomic}
   size_t MinHeapSize                              = 31138512896                               {product} {command line}
    uintx NonNMethodCodeHeapSize                   = 5826188                                {pd product} {ergonomic}
    uintx NonProfiledCodeHeapSize                  = 122916026                              {pd product} {ergonomic}
    uintx ProfiledCodeHeapSize                     = 122916026                              {pd product} {ergonomic}
    uintx ReservedCodeCacheSize                    = 251658240                              {pd product} {ergonomic}
     bool SegmentedCodeCache                       = true                                      {product} {ergonomic}
   size_t SoftMaxHeapSize                          = 31138512896                            {manageable} {ergonomic}
     bool UseCompressedOops                        = true                           {product lp64_product} {ergonomic}
     bool UseG1GC                                  = true                                      {product} {ergonomic}

Logging:
Log output configuration:
 #0: stdout all=warning uptime,level,tags foldmultilines=false
 #1: stderr all=off uptime,level,tags foldmultilines=false

Environment Variables:
JAVA_HOME=/usr/local/sdkman/candidates/java/current
PATH=/test1/binaries/pigz2/pigz-2.4:/test1/binaries/sambamba:/test1/binaries/lbzip2/bin:/test1/binaries/bgzip:/usr/local/rvm/gems/ruby-3.4.1/bin:/usr/local/rvm/gems/ruby-3.4.1@global/bin:/usr/local/rvm/rubies/ruby-3.4.1/bin:/vscode/bin/linux-x64/360a4e4fd251bfce169a4ddf857c7d25d1ad40da/bin/remote-cli:/home/codespace/.local/bin:/home/codespace/.dotnet:/home/codespace/nvm/current/bin:/home/codespace/.php/current/bin:/home/codespace/.python/current/bin:/home/codespace/java/current/bin:/home/codespace/.ruby/current/bin:/home/codespace/.local/bin:/usr/local/python/current/bin:/usr/local/py-utils/bin:/usr/local/jupyter:/usr/local/oryx:/usr/local/go/bin:/go/bin:/usr/local/sdkman/bin:/usr/local/sdkman/candidates/java/current/bin:/usr/local/sdkman/candidates/gradle/current/bin:/usr/local/sdkman/candidates/maven/current/bin:/usr/local/sdkman/candidates/ant/current/bin:/usr/local/rvm/gems/default/bin:/usr/local/rvm/gems/default@global/bin:/usr/local/rvm/rubies/default/bin:/usr/local/share/rbenv/bin:/usr/local/php/current/bin:/opt/conda/bin:/usr/local/nvs:/usr/local/share/nvm/versions/node/v22.17.0/bin:/usr/local/hugo/bin:/usr/local/sbin:/usr/local/bin:/usr/sbin:/usr/bin:/sbin:/bin:/usr/share/dotnet:/home/codespace/.dotnet/tools:/usr/local/rvm/bin
SHELL=/bin/bash
LANG=C.UTF-8
TERM=xterm-256color

Active Locale:
LC_ALL=C
LC_COLLATE=C
LC_CTYPE=C
LC_MESSAGES=C
LC_MONETARY=C
LC_NUMERIC=C
LC_TIME=C

Signal Handlers:
   SIGSEGV: crash_handler in libjvm.so, mask=11100100010111111101111111111110, flags=SA_RESTART|SA_SIGINFO, unblocked
    SIGBUS: crash_handler in libjvm.so, mask=11100100010111111101111111111110, flags=SA_RESTART|SA_SIGINFO, unblocked
    SIGFPE: crash_handler in libjvm.so, mask=11100100010111111101111111111110, flags=SA_RESTART|SA_SIGINFO, unblocked
   SIGPIPE: javaSignalHandler in libjvm.so, mask=11100100010111111101111111111110, flags=SA_RESTART|SA_SIGINFO, blocked
   SIGXFSZ: javaSignalHandler in libjvm.so, mask=11100100010111111101111111111110, flags=SA_RESTART|SA_SIGINFO, blocked
    SIGILL: crash_handler in libjvm.so, mask=11100100010111111101111111111110, flags=SA_RESTART|SA_SIGINFO, unblocked
   SIGUSR2: SR_handler in libjvm.so, mask=00000000000000000000000000000000, flags=SA_RESTART|SA_SIGINFO, blocked
    SIGHUP: SIG_DFL, mask=00000000000000000000000000000000, flags=none, blocked
    SIGINT: SIG_DFL, mask=00000000000000000000000000000000, flags=none, blocked
   SIGTERM: SIG_DFL, mask=00000000000000000000000000000000, flags=none, blocked
   SIGQUIT: UserHandler in libjvm.so, mask=11100100010111111101111111111110, flags=SA_RESTART|SA_SIGINFO, blocked
   SIGTRAP: crash_handler in libjvm.so, mask=11100100010111111101111111111110, flags=SA_RESTART|SA_SIGINFO, unblocked


Periodic native trim disabled

---------------  S Y S T E M  ---------------

OS:
DISTRIB_ID=Ubuntu
DISTRIB_RELEASE=24.04
DISTRIB_CODENAME=noble
DISTRIB_DESCRIPTION="Ubuntu 24.04.2 LTS"
uname: Linux 6.8.0-1030-azure #35~22.04.1-Ubuntu SMP Mon May 26 18:08:30 UTC 2025 x86_64
OS uptime: 0 days 1:56 hours
libc: glibc 2.39 NPTL 2.39 
rlimit (soft/hard): STACK 8192k/infinity , CORE infinity/infinity , NPROC infinity/infinity , NOFILE 1048576/1048576 , AS infinity/infinity , CPU infinity/infinity , DATA infinity/infinity , FSIZE infinity/infinity , MEMLOCK 8192k/8192k
load average: 0.39 0.28 0.20

/proc/meminfo:
MemTotal:        8135328 kB
MemFree:          233188 kB
MemAvailable:    6312000 kB
Buffers:          161424 kB
Cached:          6049292 kB
SwapCached:            0 kB
Active:          4208592 kB
Inactive:        3214568 kB
Active(anon):    1267516 kB
Inactive(anon):    18456 kB
Active(file):    2941076 kB
Inactive(file):  3196112 kB
Unevictable:       31080 kB
Mlocked:           28008 kB
SwapTotal:             0 kB
SwapFree:              0 kB
Zswap:                 0 kB
Zswapped:              0 kB
Dirty:               696 kB
Writeback:             0 kB
AnonPages:       1213696 kB
Mapped:           563336 kB
Shmem:             64428 kB
KReclaimable:     255252 kB
Slab:             348772 kB
SReclaimable:     255252 kB
SUnreclaim:        93520 kB
KernelStack:        7056 kB
PageTables:        19784 kB
SecPageTables:         0 kB
NFS_Unstable:          0 kB
Bounce:                0 kB
WritebackTmp:          0 kB
CommitLimit:     4067664 kB
Committed_AS:    3035232 kB
VmallocTotal:   34359738367 kB
VmallocUsed:       40124 kB
VmallocChunk:          0 kB
Percpu:             1208 kB
HardwareCorrupted:     0 kB
AnonHugePages:    641024 kB
ShmemHugePages:        0 kB
ShmemPmdMapped:        0 kB
FileHugePages:         0 kB
FilePmdMapped:         0 kB
Unaccepted:            0 kB
HugePages_Total:       0
HugePages_Free:        0
HugePages_Rsvd:        0
HugePages_Surp:        0
Hugepagesize:       2048 kB
Hugetlb:               0 kB
DirectMap4k:      128960 kB
DirectMap2M:     5113856 kB
DirectMap1G:     5242880 kB

/sys/kernel/mm/transparent_hugepage/enabled: [always] madvise never
/sys/kernel/mm/transparent_hugepage/hpage_pmd_size: 2097152
/sys/kernel/mm/transparent_hugepage/defrag (defrag/compaction efforts parameter): always defer defer+madvise [madvise] never

Process Memory:
Virtual Size: 1315956K (peak: 31720136K)
Resident Set Size: 21116K (peak: 21116K) (anon: 7676K, file: 13440K, shmem: 0K)
Swapped out: 0K
C-Heap outstanding allocations: 10743K, retained: 600K
glibc malloc tunables: (default)

/proc/sys/kernel/threads-max (system-wide limit on the number of threads): 63498
/proc/sys/vm/max_map_count (maximum number of memory map areas a process may have): 65530
/proc/sys/vm/swappiness (control to define how aggressively the kernel swaps out anonymous memory): 60
/proc/sys/kernel/pid_max (system-wide limit on number of process identifiers): 4194304

container (cgroup) information:
container_type: cgroupv2
cpu_cpuset_cpus: not supported
cpu_memory_nodes: not supported
active_processor_count: 2
cpu_quota: no quota
cpu_period: 100000
cpu_shares: no shares
memory_limit_in_bytes: unlimited
memory_and_swap_limit_in_bytes: unlimited
memory_soft_limit_in_bytes: unlimited
memory_usage_in_bytes: 1340408 k
memory_max_usage_in_bytes: not supported
memory_swap_current_in_bytes: unlimited
memory_swap_max_limit_in_bytes: unlimited
maximum number of tasks: unlimited
current number of tasks: 83

Hyper-V virtualization detected
Steal ticks since vm start: 0
Steal ticks percentage since vm start:  0.000

CPU: total 2 (initial active 2) (16 cores per cpu, 2 threads per core) family 25 model 1 stepping 1 microcode 0xffffffff, cx8, cmov, fxsr, ht, mmx, 3dnowpref, sse, sse2, sse3, ssse3, sse4a, sse4.1, sse4.2, popcnt, lzcnt, tsc, tscinvbit, avx, avx2, aes, erms, clmul, bmi1, bmi2, adx, sha, fma, vzeroupper, clflush, clflushopt, hv, rdtscp, rdpid, fsrm, f16c, cet_ss
CPU Model and flags from /proc/cpuinfo:
model name	: AMD EPYC 7763 64-Core Processor
flags		: fpu vme de pse tsc msr pae mce cx8 apic sep mtrr pge mca cmov pat pse36 clflush mmx fxsr sse sse2 ht syscall nx mmxext fxsr_opt pdpe1gb rdtscp lm constant_tsc rep_good nopl tsc_reliable nonstop_tsc cpuid extd_apicid aperfmperf tsc_known_freq pni pclmulqdq ssse3 fma cx16 pcid sse4_1 sse4_2 movbe popcnt aes xsave avx f16c rdrand hypervisor lahf_lm cmp_legacy svm cr8_legacy abm sse4a misalignsse 3dnowprefetch osvw topoext vmmcall fsgsbase bmi1 avx2 smep bmi2 erms invpcid rdseed adx smap clflushopt clwb sha_ni xsaveopt xsavec xgetbv1 xsaves user_shstk clzero xsaveerptr rdpru arat npt nrip_save tsc_scale vmcb_clean flushbyasid decodeassists pausefilter pfthreshold v_vmsave_vmload umip vaes vpclmulqdq rdpid fsrm

Online cpus: 0-1
Offline cpus: 
BIOS frequency limitation: <Not Available>
Frequency switch latency (ns): <Not Available>
Available cpu frequencies: <Not Available>
Current governor: <Not Available>
Core performance/turbo boost: <Not Available>

Memory: 4k page, physical 8135328k(6312000k free), swap 0k(0k free)
Page Sizes: 4k

vm_info: OpenJDK 64-Bit Server VM (21.0.7+6-LTS) for linux-amd64 JRE (21.0.7+6-LTS), built on 2025-04-09T22:25:01Z by "MicrosoftCorporation" with gcc 11.3.0

END.
